#
# A fatal error has been detected by the Java Runtime Environment:
#
#  EXCEPTION_ACCESS_VIOLATION (0xc0000005) at pc=0x00007ff957f0fa2a, pid=14684, tid=16868
#
# JRE version: OpenJDK Runtime Environment Temurin-17.0.4.1+1 (17.0.4.1+1) (build 17.0.4.1+1)
# Java VM: OpenJDK 64-Bit Server VM Temurin-17.0.4.1+1 (17.0.4.1+1, mixed mode, tiered, compressed oops, compressed class ptrs, g1 gc, windows-amd64)
# Problematic frame:
# V  [jvm.dll+0x79fa2a]
#
# No core dump will be written. Minidumps are not enabled by default on client versions of Windows
#
# If you would like to submit a bug report, please visit:
#   https://github.com/adoptium/adoptium-support/issues
#

---------------  S U M M A R Y ------------

Command Line: -XX:+ShowCodeDetailsInExceptionMessages -agentlib:jdwp=transport=dt_socket,suspend=y,address=localhost:63617 -javaagent:C:\Users\marco\eclipse\java-2022-09\eclipse\configuration\org.eclipse.osgi\228\0\.cp\lib\javaagent-shaded.jar -Dfile.encoding=UTF-8 client.SimpleClient

Host: 12th Gen Intel(R) Core(TM) i3-12100F, 8 cores, 15G,  Windows 10 , 64 bit Build 19041 (10.0.19041.2546)
Time: Mon Apr  3 21:55:47 2023 Hora de Verão de GMT elapsed time: 83.050753 seconds (0d 0h 1m 23s)

---------------  T H R E A D  ---------------

Current thread (0x00000192f13d4460):  JavaThread "JDWP Transport Listener: dt_socket" daemon [_thread_in_vm, id=16868, stack(0x000000888ec00000,0x000000888ed00000)]

Stack: [0x000000888ec00000,0x000000888ed00000],  sp=0x000000888ecff800,  free space=1022k
Native frames: (J=compiled Java code, j=interpreted, Vv=VM code, C=native code)
V  [jvm.dll+0x79fa2a]
V  [jvm.dll+0x50965c]
V  [jvm.dll+0x4d0cc4]
C  [jdwp.dll+0x22f7b]


siginfo: EXCEPTION_ACCESS_VIOLATION (0xc0000005), reading address 0x00000000006200c0


Register to memory mapping:

RIP=0x00007ff957f0fa2a jvm.dll
RAX=0x00000000000000bd is an unknown value
RBX=0x00000192f10a47cb points into unknown readable memory: 00 2f 49 74 65
RCX=0x00000000006200bc is an unknown value
RDX=0x00000192f1a6f150 points into unknown readable memory: 0x2f6e69616d6f644c | 4c 64 6f 6d 61 69 6e 2f
RSP=0x000000888ecff800 is pointing into the stack for thread: 0x00000192f13d4460
RBP=0x00000192f1382310 points into unknown readable memory: 0x0000000000000002 | 02 00 00 00 00 00 00 00
RSI=0x0 is NULL
RDI=0xffffffffffffffff is an unknown value
R8 =0x000000000000020b is an unknown value
R9 =0x0000000000000040 is an unknown value
R10=0x0000000000000200 is an unknown value
R11=0x000000888ecff820 is pointing into the stack for thread: 0x00000192f13d4460
R12=0x000000888ecff958 is pointing into the stack for thread: 0x00000192f13d4460
R13=0x0 is NULL
R14=0x0000000800106260 is a pointer to class: 
domain.core.MusicLibrary {0x0000000800106268}
 - instance size:     4
 - klass size:        127
 - access:            public synchronized 
 - state:             fully_initialized
 - name:              'domain/core/MusicLibrary'
 - super:             'util/adts/AbsQListWithSelection'
 - sub:               
 - arrays:            NULL
 - methods:           Array<T>(0x00000192f249d300)
 - method ordering:   Array<T>(0x00000192f249e5d0)
 - default_methods:   Array<T>(0x00000192f2442a40)
 - default vtable indices:   Array<T>(0x00000192f2442a58)
 - local interfaces:  Array<T>(0x00000192f243f280)
 - trans. interfaces: Array<T>(0x00000192f24429a0)
 - constants:         constant pool [191] {0x00000192f249f490} for 'domain/core/MusicLibrary' cache=0x00000192f249fb48
 - class loader data:  loader data: 0x00000192f06ccce0 for instance a 'jdk/internal/loader/ClassLoaders$AppClassLoader'{0x00000007122582f0}
 - source file:       'MusicLibrary.java'
 - source debug extension:       SMAP
MusicLibrary.java
Java
*S jdt
*F
1 MusicLibrary.java
2 file:/C:/Users/marco/OneDrive/%c3%81rea%20de%20Trabalho/FCUL/2o%20Ano/DCO/LeiTunes23/bin/
*L
*E

 - class annotations:       Array<T>(0x0000000000000000)
 - class type annotations:  Array<T>(0x0000000000000000)
 - field annotations:       Array<T>(0x0000000000000000)
 - field type annotations:  Array<T>(0x0000000000000000)
 - generic signature: '
[error occurred during error reporting (printing register info), id 0xc0000005, EXCEPTION_ACCESS_VIOLATION (0xc0000005) at pc=0x00007ff957f10636]

Registers:
RAX=0x00000000000000bd, RBX=0x00000192f10a47cb, RCX=0x00000000006200bc, RDX=0x00000192f1a6f150
RSP=0x000000888ecff800, RBP=0x00000192f1382310, RSI=0x0000000000000000, RDI=0xffffffffffffffff
R8 =0x000000000000020b, R9 =0x0000000000000040, R10=0x0000000000000200, R11=0x000000888ecff820
R12=0x000000888ecff958, R13=0x0000000000000000, R14=0x0000000800106260, R15=0x000000888ecff9a8
RIP=0x00007ff957f0fa2a, EFLAGS=0x0000000000010206

Top of Stack: (sp=0x000000888ecff800)
0x000000888ecff800:   0000000000000018 0000000800106260
0x000000888ecff810:   00000192f13d4460 0000000000000000
0x000000888ecff820:   ffffffffffffffff 00007ff957c7965c
0x000000888ecff830:   00000192f10a47cb 00000192f10a47b0
0x000000888ecff840:   00000192f1382310 00000192f1bff030
0x000000888ecff850:   00000192f10a4780 00000000000003d8
0x000000888ecff860:   00000192f10a4790 00000192f10a4b68
0x000000888ecff870:   0000000000000002 000000888ecff958
0x000000888ecff880:   0000000000000000 0000000000000000
0x000000888ecff890:   0000000711fe4bc8 00007ff957c40cc4
0x000000888ecff8a0:   00000192f13d4460 000000888ecff9a8
0x000000888ecff8b0:   00000192d1c60df0 000000888ecff9a8
0x000000888ecff8c0:   00000192f13d4460 0000000000000000
0x000000888ecff8d0:   0000019200000000 0000000000000000
0x000000888ecff8e0:   000000000000000d 00007ff9bc0f2f7b
0x000000888ecff8f0:   000000888ecff9a0 00007ff9bc101600 

Instructions: (pc=0x00007ff957f0fa2a)
0x00007ff957f0f92a:   48 83 c4 20 5f e9 bc 69 90 ff cc cc cc cc cc cc
0x00007ff957f0f93a:   cc cc cc cc cc cc 48 89 5c 24 08 57 48 83 ec 20
0x00007ff957f0f94a:   83 fa 02 8d 42 06 b9 08 00 00 00 49 8b d8 0f 4e
0x00007ff957f0f95a:   c1 48 63 c8 48 83 c1 07 83 e1 f8 48 63 f9 49 8b
0x00007ff957f0f96a:   48 18 48 8b c7 48 f7 d0 48 3b c1 73 16 4c 8d 05
0x00007ff957f0f97a:   ba 58 17 00 48 8b d7 48 8b cb e8 c7 cc 90 ff 48
0x00007ff957f0f98a:   8b 4b 18 48 8d 04 39 48 3b 43 20 76 18 45 33 c0
0x00007ff957f0f99a:   48 8b d7 48 8b cb 48 8b 5c 24 30 48 83 c4 20 5f
0x00007ff957f0f9aa:   e9 21 c9 90 ff 48 89 43 18 48 8b c1 48 8b 5c 24
0x00007ff957f0f9ba:   30 48 83 c4 20 5f c3 cc cc cc cc cc cc cc cc cc
0x00007ff957f0f9ca:   cc cc cc cc cc cc 4c 8b d2 4c 8b d9 45 85 c0 7e
0x00007ff957f0f9da:   3c 44 0f b7 49 04 41 8d 40 ff 41 3b c1 44 0f 4c
0x00007ff957f0f9ea:   c8 4d 63 c1 45 85 c9 7e 1f 48 8b c2 4c 2b da 49
0x00007ff957f0f9fa:   8b d0 0f 1f 40 00 41 0f b6 4c 03 06 88 08 48 8d
0x00007ff957f0fa0a:   40 01 48 83 ea 01 75 ee 43 c6 04 10 00 49 8b c2
0x00007ff957f0fa1a:   c3 cc cc cc cc cc 48 89 5c 24 08 57 48 83 ec 20
0x00007ff957f0fa2a:   0f b7 59 04 48 8b f9 33 d2 48 8d 4b 01 e8 f4 d9
0x00007ff957f0fa3a:   f2 ff 0f b7 57 04 4c 8b c0 3b da 0f 42 d3 44 8b
0x00007ff957f0fa4a:   ca 85 d2 74 39 48 2b f8 0f 1f 40 00 66 66 0f 1f
0x00007ff957f0fa5a:   84 00 00 00 00 00 0f b6 4c 07 06 88 08 48 ff c0
0x00007ff957f0fa6a:   48 8b c8 49 2b c8 49 3b c9 7c eb 42 c6 04 02 00
0x00007ff957f0fa7a:   49 8b c0 48 8b 5c 24 30 48 83 c4 20 5f c3 48 8b
0x00007ff957f0fa8a:   5c 24 30 c6 04 02 00 48 83 c4 20 5f c3 cc cc cc
0x00007ff957f0fa9a:   cc cc cc cc cc cc 4c 8b d1 45 85 c0 7e 6c 44 0f
0x00007ff957f0faaa:   b7 49 04 41 8d 40 ff 41 3b c1 44 0f 4c c8 4d 63
0x00007ff957f0faba:   d9 45 85 c9 7e 22 48 8b ca 4c 2b d2 4d 8b c3 0f
0x00007ff957f0faca:   1f 80 00 00 00 00 41 0f b6 44 0a 06 88 01 48 8d
0x00007ff957f0fada:   49 01 49 83 e8 01 75 ee 41 c6 04 13 00 48 c7 c0
0x00007ff957f0faea:   ff ff ff ff 66 90 48 ff c0 80 3c 02 00 75 f7 48
0x00007ff957f0fafa:   63 c8 85 c0 48 8b c2 7e 14 80 38 2f 75 03 c6 00
0x00007ff957f0fb0a:   2e 48 ff c0 48 83 e9 01 75 ef 48 8b c2 c3 cc cc
0x00007ff957f0fb1a:   cc cc cc cc cc cc 48 83 ec 28 e8 f7 fe ff ff 4c 


Stack slot to memory mapping:
stack at sp + 0 slots: 0x0000000000000018 is an unknown value
stack at sp + 1 slots: 0x0000000800106260 is a pointer to class: 
domain.core.MusicLibrary {0x0000000800106268}
 - instance size:     4
 - klass size:        127
 - access:            public synchronized 
 - state:             fully_initialized
 - name:              'domain/core/MusicLibrary'
 - super:             'util/adts/AbsQListWithSelection'
 - sub:               
 - arrays:            NULL
 - methods:           Array<T>(0x00000192f249d300)
 - method ordering:   Array<T>(0x00000192f249e5d0)
 - default_methods:   Array<T>(0x00000192f2442a40)
 - default vtable indices:   Array<T>(0x00000192f2442a58)
 - local interfaces:  Array<T>(0x00000192f243f280)
 - trans. interfaces: Array<T>(0x00000192f24429a0)
 - constants:         constant pool [191] {0x00000192f249f490} for 'domain/core/MusicLibrary' cache=0x00000192f249fb48
 - class loader data:  loader data: 0x00000192f06ccce0 for instance a 'jdk/internal/loader/ClassLoaders$AppClassLoader'{0x00000007122582f0}
 - source file:       'MusicLibrary.java'
 - source debug extension:       SMAP
MusicLibrary.java
Java
*S jdt
*F
1 MusicLibrary.java
2 file:/C:/Users/marco/OneDrive/%c3%81rea%20de%20Trabalho/FCUL/2o%20Ano/DCO/LeiTunes23/bin/
*L
*E

 - class annotations:       Array<T>(0x0000000000000000)
 - class type annotations:  Array<T>(0x0000000000000000)
 - field annotations:       Array<T>(0x0000000000000000)
 - field type annotations:  Array<T>(0x0000000000000000)
 - generic signature: '
[error occurred during error reporting (inspecting top of stack), id 0xc0000005, EXCEPTION_ACCESS_VIOLATION (0xc0000005) at pc=0x00007ff957f10636]


---------------  P R O C E S S  ---------------

Threads class SMR info:
_java_thread_list=0x00000192f1fc6f20, length=15, elements={
0x00000192d1c729f0, 0x00000192f1029d50, 0x00000192f102ab50, 0x00000192f106df50,
0x00000192f106e810, 0x00000192f106f0d0, 0x00000192f1074ed0, 0x00000192f1075ac0,
0x00000192f1072540, 0x00000192f10a6740, 0x00000192f1126260, 0x00000192f13d4460,
0x00000192f1305a40, 0x00000192f1306120, 0x00000192f192aec0
}

Java Threads: ( => current thread )
  0x00000192d1c729f0 JavaThread "main" [_thread_blocked, id=9536, stack(0x000000888db00000,0x000000888dc00000)]
  0x00000192f1029d50 JavaThread "Reference Handler" daemon [_thread_blocked, id=14324, stack(0x000000888e200000,0x000000888e300000)]
  0x00000192f102ab50 JavaThread "Finalizer" daemon [_thread_blocked, id=5744, stack(0x000000888e300000,0x000000888e400000)]
  0x00000192f106df50 JavaThread "Signal Dispatcher" daemon [_thread_blocked, id=17416, stack(0x000000888e400000,0x000000888e500000)]
  0x00000192f106e810 JavaThread "Attach Listener" daemon [_thread_blocked, id=9944, stack(0x000000888e500000,0x000000888e600000)]
  0x00000192f106f0d0 JavaThread "Service Thread" daemon [_thread_blocked, id=10316, stack(0x000000888e600000,0x000000888e700000)]
  0x00000192f1074ed0 JavaThread "Monitor Deflation Thread" daemon [_thread_blocked, id=11572, stack(0x000000888e700000,0x000000888e800000)]
  0x00000192f1075ac0 JavaThread "C2 CompilerThread0" daemon [_thread_blocked, id=10624, stack(0x000000888e800000,0x000000888e900000)]
  0x00000192f1072540 JavaThread "C1 CompilerThread0" daemon [_thread_blocked, id=8988, stack(0x000000888e900000,0x000000888ea00000)]
  0x00000192f10a6740 JavaThread "Sweeper thread" daemon [_thread_blocked, id=8716, stack(0x000000888ea00000,0x000000888eb00000)]
  0x00000192f1126260 JavaThread "Common-Cleaner" daemon [_thread_blocked, id=2268, stack(0x000000888eb00000,0x000000888ec00000)]
=>0x00000192f13d4460 JavaThread "JDWP Transport Listener: dt_socket" daemon [_thread_in_vm, id=16868, stack(0x000000888ec00000,0x000000888ed00000)]
  0x00000192f1305a40 JavaThread "JDWP Event Helper Thread" daemon [_thread_blocked, id=16904, stack(0x000000888ed00000,0x000000888ee00000)]
  0x00000192f1306120 JavaThread "JDWP Command Reader" daemon [_thread_in_native, id=13240, stack(0x000000888ee00000,0x000000888ef00000)]
  0x00000192f192aec0 JavaThread "Notification Thread" daemon [_thread_blocked, id=6292, stack(0x000000888f000000,0x000000888f100000)]

Other Threads:
  0x00000192f076fc00 VMThread "VM Thread" [stack: 0x000000888e100000,0x000000888e200000] [id=1380]
  0x00000192f1c00790 WatcherThread [stack: 0x000000888f100000,0x000000888f200000] [id=12940]
  0x00000192d1cdd590 GCTaskThread "GC Thread#0" [stack: 0x000000888dc00000,0x000000888dd00000] [id=5960]
  0x00000192d1cef820 ConcurrentGCThread "G1 Main Marker" [stack: 0x000000888dd00000,0x000000888de00000] [id=14356]
  0x00000192d1cf0040 ConcurrentGCThread "G1 Conc#0" [stack: 0x000000888de00000,0x000000888df00000] [id=13916]
  0x00000192f06230e0 ConcurrentGCThread "G1 Refine#0" [stack: 0x000000888df00000,0x000000888e000000] [id=9352]
  0x00000192f0623910 ConcurrentGCThread "G1 Service" [stack: 0x000000888e000000,0x000000888e100000] [id=13460]

Threads with active compile tasks:

VM state: not at safepoint (normal execution)

VM Mutex/Monitor currently owned by a thread: None

Heap address: 0x0000000702600000, size: 4058 MB, Compressed Oops mode: Zero based, Oop shift amount: 3

CDS archive(s) not mapped
Compressed class space mapped at: 0x0000000800000000-0x0000000840000000, reserved size: 1073741824
Narrow klass base: 0x0000000800000000, Narrow klass shift: 0, Narrow klass range: 0x40000000

GC Precious Log:
 CPUs: 8 total, 8 available
 Memory: 16225M
 Large Page Support: Disabled
 NUMA Support: Disabled
 Compressed Oops: Enabled (Zero based)
 Heap Region Size: 2M
 Heap Min Capacity: 8M
 Heap Initial Capacity: 254M
 Heap Max Capacity: 4058M
 Pre-touch: Disabled
 Parallel Workers: 8
 Concurrent Workers: 2
 Concurrent Refinement Workers: 8
 Periodic GC: Disabled

Heap:
 garbage-first heap   total 260096K, used 12288K [0x0000000702600000, 0x0000000800000000)
  region size 2048K, 7 young (14336K), 0 survivors (0K)
 Metaspace       used 10162K, committed 10176K, reserved 1064960K
  class space    used 884K, committed 896K, reserved 1048576K

Heap Regions: E=young(eden), S=young(survivor), O=old, HS=humongous(starts), HC=humongous(continues), CS=collection set, F=free, OA=open archive, CA=closed archive, TAMS=top-at-mark-start (previous, next)
|   0|0x0000000702600000, 0x0000000702600000, 0x0000000702800000|  0%| F|  |TAMS 0x0000000702600000, 0x0000000702600000| Untracked 
|   1|0x0000000702800000, 0x0000000702800000, 0x0000000702a00000|  0%| F|  |TAMS 0x0000000702800000, 0x0000000702800000| Untracked 
|   2|0x0000000702a00000, 0x0000000702a00000, 0x0000000702c00000|  0%| F|  |TAMS 0x0000000702a00000, 0x0000000702a00000| Untracked 
|   3|0x0000000702c00000, 0x0000000702c00000, 0x0000000702e00000|  0%| F|  |TAMS 0x0000000702c00000, 0x0000000702c00000| Untracked 
|   4|0x0000000702e00000, 0x0000000702e00000, 0x0000000703000000|  0%| F|  |TAMS 0x0000000702e00000, 0x0000000702e00000| Untracked 
|   5|0x0000000703000000, 0x0000000703000000, 0x0000000703200000|  0%| F|  |TAMS 0x0000000703000000, 0x0000000703000000| Untracked 
|   6|0x0000000703200000, 0x0000000703200000, 0x0000000703400000|  0%| F|  |TAMS 0x0000000703200000, 0x0000000703200000| Untracked 
|   7|0x0000000703400000, 0x0000000703400000, 0x0000000703600000|  0%| F|  |TAMS 0x0000000703400000, 0x0000000703400000| Untracked 
|   8|0x0000000703600000, 0x0000000703600000, 0x0000000703800000|  0%| F|  |TAMS 0x0000000703600000, 0x0000000703600000| Untracked 
|   9|0x0000000703800000, 0x0000000703800000, 0x0000000703a00000|  0%| F|  |TAMS 0x0000000703800000, 0x0000000703800000| Untracked 
|  10|0x0000000703a00000, 0x0000000703a00000, 0x0000000703c00000|  0%| F|  |TAMS 0x0000000703a00000, 0x0000000703a00000| Untracked 
|  11|0x0000000703c00000, 0x0000000703c00000, 0x0000000703e00000|  0%| F|  |TAMS 0x0000000703c00000, 0x0000000703c00000| Untracked 
|  12|0x0000000703e00000, 0x0000000703e00000, 0x0000000704000000|  0%| F|  |TAMS 0x0000000703e00000, 0x0000000703e00000| Untracked 
|  13|0x0000000704000000, 0x0000000704000000, 0x0000000704200000|  0%| F|  |TAMS 0x0000000704000000, 0x0000000704000000| Untracked 
|  14|0x0000000704200000, 0x0000000704200000, 0x0000000704400000|  0%| F|  |TAMS 0x0000000704200000, 0x0000000704200000| Untracked 
|  15|0x0000000704400000, 0x0000000704400000, 0x0000000704600000|  0%| F|  |TAMS 0x0000000704400000, 0x0000000704400000| Untracked 
|  16|0x0000000704600000, 0x0000000704600000, 0x0000000704800000|  0%| F|  |TAMS 0x0000000704600000, 0x0000000704600000| Untracked 
|  17|0x0000000704800000, 0x0000000704800000, 0x0000000704a00000|  0%| F|  |TAMS 0x0000000704800000, 0x0000000704800000| Untracked 
|  18|0x0000000704a00000, 0x0000000704a00000, 0x0000000704c00000|  0%| F|  |TAMS 0x0000000704a00000, 0x0000000704a00000| Untracked 
|  19|0x0000000704c00000, 0x0000000704c00000, 0x0000000704e00000|  0%| F|  |TAMS 0x0000000704c00000, 0x0000000704c00000| Untracked 
|  20|0x0000000704e00000, 0x0000000704e00000, 0x0000000705000000|  0%| F|  |TAMS 0x0000000704e00000, 0x0000000704e00000| Untracked 
|  21|0x0000000705000000, 0x0000000705000000, 0x0000000705200000|  0%| F|  |TAMS 0x0000000705000000, 0x0000000705000000| Untracked 
|  22|0x0000000705200000, 0x0000000705200000, 0x0000000705400000|  0%| F|  |TAMS 0x0000000705200000, 0x0000000705200000| Untracked 
|  23|0x0000000705400000, 0x0000000705400000, 0x0000000705600000|  0%| F|  |TAMS 0x0000000705400000, 0x0000000705400000| Untracked 
|  24|0x0000000705600000, 0x0000000705600000, 0x0000000705800000|  0%| F|  |TAMS 0x0000000705600000, 0x0000000705600000| Untracked 
|  25|0x0000000705800000, 0x0000000705800000, 0x0000000705a00000|  0%| F|  |TAMS 0x0000000705800000, 0x0000000705800000| Untracked 
|  26|0x0000000705a00000, 0x0000000705a00000, 0x0000000705c00000|  0%| F|  |TAMS 0x0000000705a00000, 0x0000000705a00000| Untracked 
|  27|0x0000000705c00000, 0x0000000705c00000, 0x0000000705e00000|  0%| F|  |TAMS 0x0000000705c00000, 0x0000000705c00000| Untracked 
|  28|0x0000000705e00000, 0x0000000705e00000, 0x0000000706000000|  0%| F|  |TAMS 0x0000000705e00000, 0x0000000705e00000| Untracked 
|  29|0x0000000706000000, 0x0000000706000000, 0x0000000706200000|  0%| F|  |TAMS 0x0000000706000000, 0x0000000706000000| Untracked 
|  30|0x0000000706200000, 0x0000000706200000, 0x0000000706400000|  0%| F|  |TAMS 0x0000000706200000, 0x0000000706200000| Untracked 
|  31|0x0000000706400000, 0x0000000706400000, 0x0000000706600000|  0%| F|  |TAMS 0x0000000706400000, 0x0000000706400000| Untracked 
|  32|0x0000000706600000, 0x0000000706600000, 0x0000000706800000|  0%| F|  |TAMS 0x0000000706600000, 0x0000000706600000| Untracked 
|  33|0x0000000706800000, 0x0000000706800000, 0x0000000706a00000|  0%| F|  |TAMS 0x0000000706800000, 0x0000000706800000| Untracked 
|  34|0x0000000706a00000, 0x0000000706a00000, 0x0000000706c00000|  0%| F|  |TAMS 0x0000000706a00000, 0x0000000706a00000| Untracked 
|  35|0x0000000706c00000, 0x0000000706c00000, 0x0000000706e00000|  0%| F|  |TAMS 0x0000000706c00000, 0x0000000706c00000| Untracked 
|  36|0x0000000706e00000, 0x0000000706e00000, 0x0000000707000000|  0%| F|  |TAMS 0x0000000706e00000, 0x0000000706e00000| Untracked 
|  37|0x0000000707000000, 0x0000000707000000, 0x0000000707200000|  0%| F|  |TAMS 0x0000000707000000, 0x0000000707000000| Untracked 
|  38|0x0000000707200000, 0x0000000707200000, 0x0000000707400000|  0%| F|  |TAMS 0x0000000707200000, 0x0000000707200000| Untracked 
|  39|0x0000000707400000, 0x0000000707400000, 0x0000000707600000|  0%| F|  |TAMS 0x0000000707400000, 0x0000000707400000| Untracked 
|  40|0x0000000707600000, 0x0000000707600000, 0x0000000707800000|  0%| F|  |TAMS 0x0000000707600000, 0x0000000707600000| Untracked 
|  41|0x0000000707800000, 0x0000000707800000, 0x0000000707a00000|  0%| F|  |TAMS 0x0000000707800000, 0x0000000707800000| Untracked 
|  42|0x0000000707a00000, 0x0000000707a00000, 0x0000000707c00000|  0%| F|  |TAMS 0x0000000707a00000, 0x0000000707a00000| Untracked 
|  43|0x0000000707c00000, 0x0000000707c00000, 0x0000000707e00000|  0%| F|  |TAMS 0x0000000707c00000, 0x0000000707c00000| Untracked 
|  44|0x0000000707e00000, 0x0000000707e00000, 0x0000000708000000|  0%| F|  |TAMS 0x0000000707e00000, 0x0000000707e00000| Untracked 
|  45|0x0000000708000000, 0x0000000708000000, 0x0000000708200000|  0%| F|  |TAMS 0x0000000708000000, 0x0000000708000000| Untracked 
|  46|0x0000000708200000, 0x0000000708200000, 0x0000000708400000|  0%| F|  |TAMS 0x0000000708200000, 0x0000000708200000| Untracked 
|  47|0x0000000708400000, 0x0000000708400000, 0x0000000708600000|  0%| F|  |TAMS 0x0000000708400000, 0x0000000708400000| Untracked 
|  48|0x0000000708600000, 0x0000000708600000, 0x0000000708800000|  0%| F|  |TAMS 0x0000000708600000, 0x0000000708600000| Untracked 
|  49|0x0000000708800000, 0x0000000708800000, 0x0000000708a00000|  0%| F|  |TAMS 0x0000000708800000, 0x0000000708800000| Untracked 
|  50|0x0000000708a00000, 0x0000000708a00000, 0x0000000708c00000|  0%| F|  |TAMS 0x0000000708a00000, 0x0000000708a00000| Untracked 
|  51|0x0000000708c00000, 0x0000000708c00000, 0x0000000708e00000|  0%| F|  |TAMS 0x0000000708c00000, 0x0000000708c00000| Untracked 
|  52|0x0000000708e00000, 0x0000000708e00000, 0x0000000709000000|  0%| F|  |TAMS 0x0000000708e00000, 0x0000000708e00000| Untracked 
|  53|0x0000000709000000, 0x0000000709000000, 0x0000000709200000|  0%| F|  |TAMS 0x0000000709000000, 0x0000000709000000| Untracked 
|  54|0x0000000709200000, 0x0000000709200000, 0x0000000709400000|  0%| F|  |TAMS 0x0000000709200000, 0x0000000709200000| Untracked 
|  55|0x0000000709400000, 0x0000000709400000, 0x0000000709600000|  0%| F|  |TAMS 0x0000000709400000, 0x0000000709400000| Untracked 
|  56|0x0000000709600000, 0x0000000709600000, 0x0000000709800000|  0%| F|  |TAMS 0x0000000709600000, 0x0000000709600000| Untracked 
|  57|0x0000000709800000, 0x0000000709800000, 0x0000000709a00000|  0%| F|  |TAMS 0x0000000709800000, 0x0000000709800000| Untracked 
|  58|0x0000000709a00000, 0x0000000709a00000, 0x0000000709c00000|  0%| F|  |TAMS 0x0000000709a00000, 0x0000000709a00000| Untracked 
|  59|0x0000000709c00000, 0x0000000709c00000, 0x0000000709e00000|  0%| F|  |TAMS 0x0000000709c00000, 0x0000000709c00000| Untracked 
|  60|0x0000000709e00000, 0x0000000709e00000, 0x000000070a000000|  0%| F|  |TAMS 0x0000000709e00000, 0x0000000709e00000| Untracked 
|  61|0x000000070a000000, 0x000000070a000000, 0x000000070a200000|  0%| F|  |TAMS 0x000000070a000000, 0x000000070a000000| Untracked 
|  62|0x000000070a200000, 0x000000070a200000, 0x000000070a400000|  0%| F|  |TAMS 0x000000070a200000, 0x000000070a200000| Untracked 
|  63|0x000000070a400000, 0x000000070a400000, 0x000000070a600000|  0%| F|  |TAMS 0x000000070a400000, 0x000000070a400000| Untracked 
|  64|0x000000070a600000, 0x000000070a600000, 0x000000070a800000|  0%| F|  |TAMS 0x000000070a600000, 0x000000070a600000| Untracked 
|  65|0x000000070a800000, 0x000000070a800000, 0x000000070aa00000|  0%| F|  |TAMS 0x000000070a800000, 0x000000070a800000| Untracked 
|  66|0x000000070aa00000, 0x000000070aa00000, 0x000000070ac00000|  0%| F|  |TAMS 0x000000070aa00000, 0x000000070aa00000| Untracked 
|  67|0x000000070ac00000, 0x000000070ac00000, 0x000000070ae00000|  0%| F|  |TAMS 0x000000070ac00000, 0x000000070ac00000| Untracked 
|  68|0x000000070ae00000, 0x000000070ae00000, 0x000000070b000000|  0%| F|  |TAMS 0x000000070ae00000, 0x000000070ae00000| Untracked 
|  69|0x000000070b000000, 0x000000070b000000, 0x000000070b200000|  0%| F|  |TAMS 0x000000070b000000, 0x000000070b000000| Untracked 
|  70|0x000000070b200000, 0x000000070b200000, 0x000000070b400000|  0%| F|  |TAMS 0x000000070b200000, 0x000000070b200000| Untracked 
|  71|0x000000070b400000, 0x000000070b400000, 0x000000070b600000|  0%| F|  |TAMS 0x000000070b400000, 0x000000070b400000| Untracked 
|  72|0x000000070b600000, 0x000000070b600000, 0x000000070b800000|  0%| F|  |TAMS 0x000000070b600000, 0x000000070b600000| Untracked 
|  73|0x000000070b800000, 0x000000070b800000, 0x000000070ba00000|  0%| F|  |TAMS 0x000000070b800000, 0x000000070b800000| Untracked 
|  74|0x000000070ba00000, 0x000000070ba00000, 0x000000070bc00000|  0%| F|  |TAMS 0x000000070ba00000, 0x000000070ba00000| Untracked 
|  75|0x000000070bc00000, 0x000000070bc00000, 0x000000070be00000|  0%| F|  |TAMS 0x000000070bc00000, 0x000000070bc00000| Untracked 
|  76|0x000000070be00000, 0x000000070be00000, 0x000000070c000000|  0%| F|  |TAMS 0x000000070be00000, 0x000000070be00000| Untracked 
|  77|0x000000070c000000, 0x000000070c000000, 0x000000070c200000|  0%| F|  |TAMS 0x000000070c000000, 0x000000070c000000| Untracked 
|  78|0x000000070c200000, 0x000000070c200000, 0x000000070c400000|  0%| F|  |TAMS 0x000000070c200000, 0x000000070c200000| Untracked 
|  79|0x000000070c400000, 0x000000070c400000, 0x000000070c600000|  0%| F|  |TAMS 0x000000070c400000, 0x000000070c400000| Untracked 
|  80|0x000000070c600000, 0x000000070c600000, 0x000000070c800000|  0%| F|  |TAMS 0x000000070c600000, 0x000000070c600000| Untracked 
|  81|0x000000070c800000, 0x000000070c800000, 0x000000070ca00000|  0%| F|  |TAMS 0x000000070c800000, 0x000000070c800000| Untracked 
|  82|0x000000070ca00000, 0x000000070ca00000, 0x000000070cc00000|  0%| F|  |TAMS 0x000000070ca00000, 0x000000070ca00000| Untracked 
|  83|0x000000070cc00000, 0x000000070cc00000, 0x000000070ce00000|  0%| F|  |TAMS 0x000000070cc00000, 0x000000070cc00000| Untracked 
|  84|0x000000070ce00000, 0x000000070ce00000, 0x000000070d000000|  0%| F|  |TAMS 0x000000070ce00000, 0x000000070ce00000| Untracked 
|  85|0x000000070d000000, 0x000000070d000000, 0x000000070d200000|  0%| F|  |TAMS 0x000000070d000000, 0x000000070d000000| Untracked 
|  86|0x000000070d200000, 0x000000070d200000, 0x000000070d400000|  0%| F|  |TAMS 0x000000070d200000, 0x000000070d200000| Untracked 
|  87|0x000000070d400000, 0x000000070d400000, 0x000000070d600000|  0%| F|  |TAMS 0x000000070d400000, 0x000000070d400000| Untracked 
|  88|0x000000070d600000, 0x000000070d600000, 0x000000070d800000|  0%| F|  |TAMS 0x000000070d600000, 0x000000070d600000| Untracked 
|  89|0x000000070d800000, 0x000000070d800000, 0x000000070da00000|  0%| F|  |TAMS 0x000000070d800000, 0x000000070d800000| Untracked 
|  90|0x000000070da00000, 0x000000070da00000, 0x000000070dc00000|  0%| F|  |TAMS 0x000000070da00000, 0x000000070da00000| Untracked 
|  91|0x000000070dc00000, 0x000000070dc00000, 0x000000070de00000|  0%| F|  |TAMS 0x000000070dc00000, 0x000000070dc00000| Untracked 
|  92|0x000000070de00000, 0x000000070de00000, 0x000000070e000000|  0%| F|  |TAMS 0x000000070de00000, 0x000000070de00000| Untracked 
|  93|0x000000070e000000, 0x000000070e000000, 0x000000070e200000|  0%| F|  |TAMS 0x000000070e000000, 0x000000070e000000| Untracked 
|  94|0x000000070e200000, 0x000000070e200000, 0x000000070e400000|  0%| F|  |TAMS 0x000000070e200000, 0x000000070e200000| Untracked 
|  95|0x000000070e400000, 0x000000070e400000, 0x000000070e600000|  0%| F|  |TAMS 0x000000070e400000, 0x000000070e400000| Untracked 
|  96|0x000000070e600000, 0x000000070e600000, 0x000000070e800000|  0%| F|  |TAMS 0x000000070e600000, 0x000000070e600000| Untracked 
|  97|0x000000070e800000, 0x000000070e800000, 0x000000070ea00000|  0%| F|  |TAMS 0x000000070e800000, 0x000000070e800000| Untracked 
|  98|0x000000070ea00000, 0x000000070ea00000, 0x000000070ec00000|  0%| F|  |TAMS 0x000000070ea00000, 0x000000070ea00000| Untracked 
|  99|0x000000070ec00000, 0x000000070ec00000, 0x000000070ee00000|  0%| F|  |TAMS 0x000000070ec00000, 0x000000070ec00000| Untracked 
| 100|0x000000070ee00000, 0x000000070ee00000, 0x000000070f000000|  0%| F|  |TAMS 0x000000070ee00000, 0x000000070ee00000| Untracked 
| 101|0x000000070f000000, 0x000000070f000000, 0x000000070f200000|  0%| F|  |TAMS 0x000000070f000000, 0x000000070f000000| Untracked 
| 102|0x000000070f200000, 0x000000070f200000, 0x000000070f400000|  0%| F|  |TAMS 0x000000070f200000, 0x000000070f200000| Untracked 
| 103|0x000000070f400000, 0x000000070f400000, 0x000000070f600000|  0%| F|  |TAMS 0x000000070f400000, 0x000000070f400000| Untracked 
| 104|0x000000070f600000, 0x000000070f600000, 0x000000070f800000|  0%| F|  |TAMS 0x000000070f600000, 0x000000070f600000| Untracked 
| 105|0x000000070f800000, 0x000000070f800000, 0x000000070fa00000|  0%| F|  |TAMS 0x000000070f800000, 0x000000070f800000| Untracked 
| 106|0x000000070fa00000, 0x000000070fa00000, 0x000000070fc00000|  0%| F|  |TAMS 0x000000070fa00000, 0x000000070fa00000| Untracked 
| 107|0x000000070fc00000, 0x000000070fc00000, 0x000000070fe00000|  0%| F|  |TAMS 0x000000070fc00000, 0x000000070fc00000| Untracked 
| 108|0x000000070fe00000, 0x000000070fe00000, 0x0000000710000000|  0%| F|  |TAMS 0x000000070fe00000, 0x000000070fe00000| Untracked 
| 109|0x0000000710000000, 0x0000000710000000, 0x0000000710200000|  0%| F|  |TAMS 0x0000000710000000, 0x0000000710000000| Untracked 
| 110|0x0000000710200000, 0x0000000710200000, 0x0000000710400000|  0%| F|  |TAMS 0x0000000710200000, 0x0000000710200000| Untracked 
| 111|0x0000000710400000, 0x0000000710400000, 0x0000000710600000|  0%| F|  |TAMS 0x0000000710400000, 0x0000000710400000| Untracked 
| 112|0x0000000710600000, 0x0000000710600000, 0x0000000710800000|  0%| F|  |TAMS 0x0000000710600000, 0x0000000710600000| Untracked 
| 113|0x0000000710800000, 0x0000000710800000, 0x0000000710a00000|  0%| F|  |TAMS 0x0000000710800000, 0x0000000710800000| Untracked 
| 114|0x0000000710a00000, 0x0000000710a00000, 0x0000000710c00000|  0%| F|  |TAMS 0x0000000710a00000, 0x0000000710a00000| Untracked 
| 115|0x0000000710c00000, 0x0000000710c00000, 0x0000000710e00000|  0%| F|  |TAMS 0x0000000710c00000, 0x0000000710c00000| Untracked 
| 116|0x0000000710e00000, 0x0000000710e00000, 0x0000000711000000|  0%| F|  |TAMS 0x0000000710e00000, 0x0000000710e00000| Untracked 
| 117|0x0000000711000000, 0x0000000711000000, 0x0000000711200000|  0%| F|  |TAMS 0x0000000711000000, 0x0000000711000000| Untracked 
| 118|0x0000000711200000, 0x0000000711200000, 0x0000000711400000|  0%| F|  |TAMS 0x0000000711200000, 0x0000000711200000| Untracked 
| 119|0x0000000711400000, 0x0000000711400000, 0x0000000711600000|  0%| F|  |TAMS 0x0000000711400000, 0x0000000711400000| Untracked 
| 120|0x0000000711600000, 0x00000007117c3148, 0x0000000711800000| 88%| E|  |TAMS 0x0000000711600000, 0x0000000711600000| Complete 
| 121|0x0000000711800000, 0x0000000711a00000, 0x0000000711a00000|100%| E|CS|TAMS 0x0000000711800000, 0x0000000711800000| Complete 
| 122|0x0000000711a00000, 0x0000000711c00000, 0x0000000711c00000|100%| E|CS|TAMS 0x0000000711a00000, 0x0000000711a00000| Complete 
| 123|0x0000000711c00000, 0x0000000711e00000, 0x0000000711e00000|100%| E|CS|TAMS 0x0000000711c00000, 0x0000000711c00000| Complete 
| 124|0x0000000711e00000, 0x0000000712000000, 0x0000000712000000|100%| E|CS|TAMS 0x0000000711e00000, 0x0000000711e00000| Complete 
| 125|0x0000000712000000, 0x0000000712200000, 0x0000000712200000|100%| E|CS|TAMS 0x0000000712000000, 0x0000000712000000| Complete 
| 126|0x0000000712200000, 0x0000000712400000, 0x0000000712400000|100%| E|CS|TAMS 0x0000000712200000, 0x0000000712200000| Complete 

Card table byte_map: [0x00000192e4e60000,0x00000192e5650000] _byte_map_base: 0x00000192e164d000

Marking Bits (Prev, Next): (CMBitMap*) 0x00000192d1cde9c0, (CMBitMap*) 0x00000192d1cdea00
 Prev Bits: [0x00000192e5e40000, 0x00000192e9da8000)
 Next Bits: [0x00000192e9db0000, 0x00000192edd18000)

Polling page: 0x00000192cfbd0000

Metaspace:

Usage:
  Non-class:      9.06 MB used.
      Class:    884.91 KB used.
       Both:      9.92 MB used.

Virtual space:
  Non-class space:       16.00 MB reserved,       9.06 MB ( 57%) committed,  2 nodes.
      Class space:        1.00 GB reserved,     896.00 KB ( <1%) committed,  1 nodes.
             Both:        1.02 GB reserved,       9.94 MB ( <1%) committed. 

Chunk freelists:
   Non-Class:  2.38 MB
       Class:  2.94 MB
        Both:  5.31 MB

MaxMetaspaceSize: unlimited
CompressedClassSpaceSize: 1.00 GB
Initial GC threshold: 21.00 MB
Current GC threshold: 21.00 MB
CDS: off
MetaspaceReclaimPolicy: balanced
 - commit_granule_bytes: 65536.
 - commit_granule_words: 8192.
 - virtual_space_node_default_size: 1048576.
 - enlarge_chunks_in_place: 1.
 - new_chunks_are_fully_committed: 0.
 - uncommit_free_chunks: 1.
 - use_allocation_guard: 0.
 - handle_deallocations: 1.


Internal statistics:

num_allocs_failed_limit: 0.
num_arena_births: 8.
num_arena_deaths: 0.
num_vsnodes_births: 3.
num_vsnodes_deaths: 0.
num_space_committed: 159.
num_space_uncommitted: 0.
num_chunks_returned_to_freelist: 0.
num_chunks_taken_from_freelist: 60.
num_chunk_merges: 0.
num_chunk_splits: 32.
num_chunks_enlarged: 27.
num_purges: 0.
num_inconsistent_stats: 0.

CodeHeap 'non-profiled nmethods': size=120000Kb used=277Kb max_used=277Kb free=119722Kb
 bounds [0x00000192dce10000, 0x00000192dd080000, 0x00000192e4340000]
CodeHeap 'profiled nmethods': size=120000Kb used=1048Kb max_used=1048Kb free=118951Kb
 bounds [0x00000192d58e0000, 0x00000192d5b50000, 0x00000192dce10000]
CodeHeap 'non-nmethods': size=5760Kb used=1203Kb max_used=1236Kb free=4556Kb
 bounds [0x00000192d5340000, 0x00000192d55b0000, 0x00000192d58e0000]
 total_blobs=1116 nmethods=695 adapters=334
 compilation: enabled
              stopped_count=0, restarted_count=0
 full_count=0

Compilation events (20 events):
Event: 0.415 Thread 0x00000192f1072540  685       3       java.nio.Buffer::rewind (12 bytes)
Event: 0.415 Thread 0x00000192f1075ac0 nmethod 687 0x00000192dce4e290 code [0x00000192dce4e420, 0x00000192dce4e918]
Event: 0.415 Thread 0x00000192f1072540 nmethod 685 0x00000192d59e3890 code [0x00000192d59e3a20, 0x00000192d59e3b38]
Event: 0.415 Thread 0x00000192f1075ac0  688       4       com.mpatric.mp3agic.MpegFrame::setChannelMode (79 bytes)
Event: 0.415 Thread 0x00000192f192a5b0  689       4       com.mpatric.mp3agic.Mp3File::scanBlock (124 bytes)
Event: 0.416 Thread 0x00000192f1072540  690       3       java.nio.charset.Charset::lookup (44 bytes)
Event: 0.416 Thread 0x00000192f1072540 nmethod 690 0x00000192d59e3c10 code [0x00000192d59e3e00, 0x00000192d59e4288]
Event: 0.416 Thread 0x00000192f1072540  691       3       java.nio.charset.Charset::forName (20 bytes)
Event: 0.416 Thread 0x00000192f1072540 nmethod 691 0x00000192d59e4490 code [0x00000192d59e4640, 0x00000192d59e4838]
Event: 0.417 Thread 0x00000192f1075ac0 nmethod 688 0x00000192dce4ea90 code [0x00000192dce4ec40, 0x00000192dce4f128]
Event: 0.417 Thread 0x00000192f1075ac0  692       4       java.lang.StringBuilder::append (8 bytes)
Event: 0.422 Thread 0x00000192f1075ac0 nmethod 692 0x00000192dce4f290 code [0x00000192dce4f440, 0x00000192dce4fb58]
Event: 0.429 Thread 0x00000192f1bbad90 nmethod 686 0x00000192dce50090 code [0x00000192dce502c0, 0x00000192dce51a48]
Event: 0.450 Thread 0x00000192f192a5b0 nmethod 689 0x00000192dce52110 code [0x00000192dce52380, 0x00000192dce54a70]
Event: 83.007 Thread 0x00000192f1072540  693       3       org.eclipse.jdt.launching.internal.org.objectweb.asm.SymbolTable::addConstantUtf8Reference (101 bytes)
Event: 83.008 Thread 0x00000192f1072540 nmethod 693 0x00000192d59e4990 code [0x00000192d59e4ba0, 0x00000192d59e5198]
Event: 83.008 Thread 0x00000192f1072540  694       3       org.eclipse.jdt.launching.internal.org.objectweb.asm.Attribute::computeAttributesSize (62 bytes)
Event: 83.008 Thread 0x00000192f1072540 nmethod 694 0x00000192d59e5510 code [0x00000192d59e56e0, 0x00000192d59e5a08]
Event: 83.008 Thread 0x00000192f1072540  695       3       org.eclipse.jdt.launching.internal.org.objectweb.asm.AnnotationWriter::computeAnnotationsSize (66 bytes)
Event: 83.009 Thread 0x00000192f1072540 nmethod 695 0x00000192d59e5b90 code [0x00000192d59e5d60, 0x00000192d59e6098]

GC Heap History (0 events):
No events

Deoptimization events (20 events):
Event: 0.410 Thread 0x00000192d1c729f0 Uncommon trap: trap_request=0xffffff45 fr.pc=0x00000192dce4a980 relative=0x0000000000001080
Event: 0.410 Thread 0x00000192d1c729f0 Uncommon trap: reason=unstable_if action=reinterpret pc=0x00000192dce4a980 method=com.mpatric.mp3agic.MpegFrame.setChannelMode(I)V @ 1 c2
Event: 0.410 Thread 0x00000192d1c729f0 DEOPT PACKING pc=0x00000192dce4a980 sp=0x000000888dbff240
Event: 0.410 Thread 0x00000192d1c729f0 DEOPT UNPACKING pc=0x00000192d53923a3 sp=0x000000888dbff190 mode 2
Event: 0.410 Thread 0x00000192d1c729f0 Uncommon trap: trap_request=0xffffff45 fr.pc=0x00000192dce4234c relative=0x000000000000032c
Event: 0.410 Thread 0x00000192d1c729f0 Uncommon trap: reason=unstable_if action=reinterpret pc=0x00000192dce4234c method=com.mpatric.mp3agic.MpegFrame.setModeExtension(I)V @ 9 c2
Event: 0.410 Thread 0x00000192d1c729f0 DEOPT PACKING pc=0x00000192dce4234c sp=0x000000888dbff1b0
Event: 0.410 Thread 0x00000192d1c729f0 DEOPT UNPACKING pc=0x00000192d53923a3 sp=0x000000888dbff180 mode 2
Event: 0.412 Thread 0x00000192d1c729f0 Uncommon trap: trap_request=0xffffff45 fr.pc=0x00000192dce25c24 relative=0x0000000000000304
Event: 0.412 Thread 0x00000192d1c729f0 Uncommon trap: reason=unstable_if action=reinterpret pc=0x00000192dce25c24 method=java.lang.CharacterDataLatin1.digit(II)I @ 12 c2
Event: 0.412 Thread 0x00000192d1c729f0 DEOPT PACKING pc=0x00000192dce25c24 sp=0x000000888dbff310
Event: 0.412 Thread 0x00000192d1c729f0 DEOPT UNPACKING pc=0x00000192d53923a3 sp=0x000000888dbff140 mode 2
Event: 0.412 Thread 0x00000192d1c729f0 DEOPT PACKING pc=0x00000192d5933704 sp=0x000000888dbff370
Event: 0.412 Thread 0x00000192d1c729f0 DEOPT UNPACKING pc=0x00000192d5392b43 sp=0x000000888dbfe818 mode 1
Event: 0.413 Thread 0x00000192d1c729f0 Uncommon trap: trap_request=0xffffff45 fr.pc=0x00000192dce46484 relative=0x0000000000000104
Event: 0.413 Thread 0x00000192d1c729f0 Uncommon trap: reason=unstable_if action=reinterpret pc=0x00000192dce46484 method=com.mpatric.mp3agic.MpegFrame.setChannelMode(I)V @ 1 c2
Event: 0.413 Thread 0x00000192d1c729f0 DEOPT PACKING pc=0x00000192dce46484 sp=0x000000888dbff1d0
Event: 0.413 Thread 0x00000192d1c729f0 DEOPT UNPACKING pc=0x00000192d53923a3 sp=0x000000888dbff180 mode 2
Event: 0.415 Thread 0x00000192d1c729f0 DEOPT PACKING pc=0x00000192d59bf533 sp=0x000000888dbff2c0
Event: 0.415 Thread 0x00000192d1c729f0 DEOPT UNPACKING pc=0x00000192d5392b43 sp=0x000000888dbfe7d8 mode 0

Classes unloaded (0 events):
No events

Classes redefined (1 events):
Event: 83.009 Thread 0x00000192f076fc00 redefined class name=domain.core.MusicLibrary, count=1

Internal exceptions (0 events):
No events

VM Operations (20 events):
Event: 68.007 Executing VM operation: get/set locals
Event: 68.007 Executing VM operation: get/set locals done
Event: 68.011 Executing VM operation: get/set locals
Event: 68.011 Executing VM operation: get/set locals done
Event: 68.011 Executing VM operation: get/set locals
Event: 68.011 Executing VM operation: get/set locals done
Event: 68.012 Executing VM operation: get/set locals
Event: 68.012 Executing VM operation: get/set locals done
Event: 83.005 Executing VM operation: ChangeSingleStep
Event: 83.005 Executing VM operation: ChangeSingleStep done
Event: 83.005 Executing VM operation: ChangeSingleStep
Event: 83.005 Executing VM operation: ChangeSingleStep done
Event: 83.008 Executing VM operation: RedefineClasses
Event: 83.009 Executing VM operation: RedefineClasses done
Event: 83.010 Executing VM operation: ChangeSingleStep
Event: 83.010 Executing VM operation: ChangeSingleStep done
Event: 83.010 Executing VM operation: get/set locals
Event: 83.010 Executing VM operation: get/set locals done
Event: 83.011 Executing VM operation: ChangeSingleStep
Event: 83.011 Executing VM operation: ChangeSingleStep done

Events (20 events):
Event: 0.367 loading class sun/nio/ch/Util done
Event: 0.367 loading class sun/nio/ch/Util$1
Event: 0.367 loading class sun/nio/ch/Util$1 done
Event: 0.367 loading class sun/nio/ch/Util$BufferCache
Event: 0.367 loading class sun/nio/ch/Util$BufferCache done
Event: 0.367 loading class java/nio/DirectByteBuffer$Deallocator
Event: 0.367 loading class java/nio/DirectByteBuffer$Deallocator done
Event: 0.367 loading class sun/nio/ch/IOStatus
Event: 0.367 loading class sun/nio/ch/IOStatus done
Event: 0.367 loading class java/io/UnsupportedEncodingException
Event: 0.368 loading class java/io/UnsupportedEncodingException done
Event: 0.379 loading class java/lang/NumberFormatException
Event: 0.379 loading class java/lang/NumberFormatException done
Event: 0.382 loading class java/nio/charset/CharacterCodingException
Event: 0.382 loading class java/nio/charset/CharacterCodingException done
Event: 0.382 loading class sun/nio/cs/ISO_8859_1$Decoder
Event: 0.382 loading class sun/nio/cs/ISO_8859_1$Decoder done
Event: 0.388 Thread 0x00000192f1bbad90 Thread added: 0x00000192f1bbad90
Event: 5.435 Thread 0x00000192f1bbad90 Thread exited: 0x00000192f1bbad90
Event: 10.438 Thread 0x00000192f192a5b0 Thread exited: 0x00000192f192a5b0


Dynamic libraries:
0x00007ff7b0370000 - 0x00007ff7b037e000 	C:\Users\marco\.p2\pool\plugins\org.eclipse.justj.openjdk.hotspot.jre.full.win32.x86_64_17.0.4.v20221004-1257\jre\bin\javaw.exe
0x00007ff9e36f0000 - 0x00007ff9e38e8000 	C:\WINDOWS\SYSTEM32\ntdll.dll
0x00007ff9e1e70000 - 0x00007ff9e1f2f000 	C:\WINDOWS\System32\KERNEL32.DLL
0x00007ff9e1460000 - 0x00007ff9e1732000 	C:\WINDOWS\System32\KERNELBASE.dll
0x00007ff9e10d0000 - 0x00007ff9e11d0000 	C:\WINDOWS\System32\ucrtbase.dll
0x00007ff9c96d0000 - 0x00007ff9c96e9000 	C:\Users\marco\.p2\pool\plugins\org.eclipse.justj.openjdk.hotspot.jre.full.win32.x86_64_17.0.4.v20221004-1257\jre\bin\VCRUNTIME140.dll
0x00007ff9cc620000 - 0x00007ff9cc638000 	C:\Users\marco\.p2\pool\plugins\org.eclipse.justj.openjdk.hotspot.jre.full.win32.x86_64_17.0.4.v20221004-1257\jre\bin\jli.dll
0x00007ff9e2480000 - 0x00007ff9e2621000 	C:\WINDOWS\System32\USER32.dll
0x00007ff9e0ee0000 - 0x00007ff9e0f02000 	C:\WINDOWS\System32\win32u.dll
0x00007ff9cb9b0000 - 0x00007ff9cbc4a000 	C:\WINDOWS\WinSxS\amd64_microsoft.windows.common-controls_6595b64144ccf1df_6.0.19041.1110_none_60b5254171f9507e\COMCTL32.dll
0x00007ff9e1800000 - 0x00007ff9e182b000 	C:\WINDOWS\System32\GDI32.dll
0x00007ff9e0f10000 - 0x00007ff9e101f000 	C:\WINDOWS\System32\gdi32full.dll
0x00007ff9e3410000 - 0x00007ff9e34ae000 	C:\WINDOWS\System32\msvcrt.dll
0x00007ff9e1260000 - 0x00007ff9e12fd000 	C:\WINDOWS\System32\msvcp_win.dll
0x00007ff9e2080000 - 0x00007ff9e20b0000 	C:\WINDOWS\System32\IMM32.DLL
0x00007ff9d18d0000 - 0x00007ff9d18dc000 	C:\Users\marco\.p2\pool\plugins\org.eclipse.justj.openjdk.hotspot.jre.full.win32.x86_64_17.0.4.v20221004-1257\jre\bin\vcruntime140_1.dll
0x00007ff973510000 - 0x00007ff9735a1000 	C:\Users\marco\.p2\pool\plugins\org.eclipse.justj.openjdk.hotspot.jre.full.win32.x86_64_17.0.4.v20221004-1257\jre\bin\msvcp140.dll
0x00007ff957770000 - 0x00007ff9583b6000 	C:\Users\marco\.p2\pool\plugins\org.eclipse.justj.openjdk.hotspot.jre.full.win32.x86_64_17.0.4.v20221004-1257\jre\bin\server\jvm.dll
0x00007ff9e1dc0000 - 0x00007ff9e1e6e000 	C:\WINDOWS\System32\ADVAPI32.dll
0x00007ff9e29a0000 - 0x00007ff9e2a3c000 	C:\WINDOWS\System32\sechost.dll
0x00007ff9e34b0000 - 0x00007ff9e35d4000 	C:\WINDOWS\System32\RPCRT4.dll
0x00007ff9e1740000 - 0x00007ff9e1748000 	C:\WINDOWS\System32\PSAPI.DLL
0x00007ff9dc580000 - 0x00007ff9dc589000 	C:\WINDOWS\SYSTEM32\WSOCK32.dll
0x00007ff9d71c0000 - 0x00007ff9d71e7000 	C:\WINDOWS\SYSTEM32\WINMM.dll
0x00007ff9d7430000 - 0x00007ff9d743a000 	C:\WINDOWS\SYSTEM32\VERSION.dll
0x00007ff9e20b0000 - 0x00007ff9e211b000 	C:\WINDOWS\System32\WS2_32.dll
0x00007ff9df660000 - 0x00007ff9df672000 	C:\WINDOWS\SYSTEM32\kernel.appcore.dll
0x00007ff9dc530000 - 0x00007ff9dc53a000 	C:\Users\marco\.p2\pool\plugins\org.eclipse.justj.openjdk.hotspot.jre.full.win32.x86_64_17.0.4.v20221004-1257\jre\bin\jimage.dll
0x00007ff9deb30000 - 0x00007ff9ded14000 	C:\WINDOWS\SYSTEM32\DBGHELP.DLL
0x00007ff9d1770000 - 0x00007ff9d17a5000 	C:\WINDOWS\SYSTEM32\dbgcore.DLL
0x00007ff9e11d0000 - 0x00007ff9e1252000 	C:\WINDOWS\System32\bcryptPrimitives.dll
0x00007ff9bc0d0000 - 0x00007ff9bc10b000 	C:\Users\marco\.p2\pool\plugins\org.eclipse.justj.openjdk.hotspot.jre.full.win32.x86_64_17.0.4.v20221004-1257\jre\bin\jdwp.dll
0x00007ff9cc600000 - 0x00007ff9cc60e000 	C:\Users\marco\.p2\pool\plugins\org.eclipse.justj.openjdk.hotspot.jre.full.win32.x86_64_17.0.4.v20221004-1257\jre\bin\instrument.dll
0x00007ff9d5940000 - 0x00007ff9d5965000 	C:\Users\marco\.p2\pool\plugins\org.eclipse.justj.openjdk.hotspot.jre.full.win32.x86_64_17.0.4.v20221004-1257\jre\bin\java.dll
0x00007ff9d5920000 - 0x00007ff9d5938000 	C:\Users\marco\.p2\pool\plugins\org.eclipse.justj.openjdk.hotspot.jre.full.win32.x86_64_17.0.4.v20221004-1257\jre\bin\zip.dll
0x00007ff9e2be0000 - 0x00007ff9e3325000 	C:\WINDOWS\System32\SHELL32.dll
0x00007ff9deeb0000 - 0x00007ff9df642000 	C:\WINDOWS\SYSTEM32\windows.storage.dll
0x00007ff9e2630000 - 0x00007ff9e2985000 	C:\WINDOWS\System32\combase.dll
0x00007ff9e0770000 - 0x00007ff9e07a0000 	C:\WINDOWS\SYSTEM32\Wldp.dll
0x00007ff9e1750000 - 0x00007ff9e17fd000 	C:\WINDOWS\System32\SHCORE.dll
0x00007ff9e2b80000 - 0x00007ff9e2bd5000 	C:\WINDOWS\System32\shlwapi.dll
0x00007ff9e0d30000 - 0x00007ff9e0d4f000 	C:\WINDOWS\SYSTEM32\profapi.dll
0x00007ff9cc5b0000 - 0x00007ff9cc5bc000 	C:\Users\marco\.p2\pool\plugins\org.eclipse.justj.openjdk.hotspot.jre.full.win32.x86_64_17.0.4.v20221004-1257\jre\bin\dt_socket.dll
0x00007ff9e01c0000 - 0x00007ff9e01fb000 	C:\WINDOWS\SYSTEM32\IPHLPAPI.DLL
0x00007ff9e04d0000 - 0x00007ff9e053a000 	C:\WINDOWS\system32\mswsock.dll
0x00007ff9e0200000 - 0x00007ff9e02cb000 	C:\WINDOWS\SYSTEM32\DNSAPI.dll
0x00007ff9e2990000 - 0x00007ff9e2998000 	C:\WINDOWS\System32\NSI.dll
0x00007ff9d92b0000 - 0x00007ff9d92ba000 	C:\Windows\System32\rasadhlp.dll
0x00007ff9d91d0000 - 0x00007ff9d9250000 	C:\WINDOWS\System32\fwpuclnt.dll
0x00007ff9e0eb0000 - 0x00007ff9e0ed7000 	C:\WINDOWS\System32\bcrypt.dll
0x00007ff9d1820000 - 0x00007ff9d1839000 	C:\Users\marco\.p2\pool\plugins\org.eclipse.justj.openjdk.hotspot.jre.full.win32.x86_64_17.0.4.v20221004-1257\jre\bin\net.dll
0x00007ff9d9b40000 - 0x00007ff9d9c4a000 	C:\WINDOWS\SYSTEM32\WINHTTP.dll
0x00007ff9cc500000 - 0x00007ff9cc515000 	C:\Users\marco\.p2\pool\plugins\org.eclipse.justj.openjdk.hotspot.jre.full.win32.x86_64_17.0.4.v20221004-1257\jre\bin\nio.dll
0x00007ff9dc3f0000 - 0x00007ff9dc400000 	C:\Users\marco\.p2\pool\plugins\org.eclipse.justj.openjdk.hotspot.jre.full.win32.x86_64_17.0.4.v20221004-1257\jre\bin\verify.dll

dbghelp: loaded successfully - version: 4.0.5 - missing functions: none
symbol engine: initialized successfully - sym options: 0x614 - pdb path: .;C:\Users\marco\.p2\pool\plugins\org.eclipse.justj.openjdk.hotspot.jre.full.win32.x86_64_17.0.4.v20221004-1257\jre\bin;C:\WINDOWS\SYSTEM32;C:\WINDOWS\WinSxS\amd64_microsoft.windows.common-controls_6595b64144ccf1df_6.0.19041.1110_none_60b5254171f9507e;C:\Users\marco\.p2\pool\plugins\org.eclipse.justj.openjdk.hotspot.jre.full.win32.x86_64_17.0.4.v20221004-1257\jre\bin\server

VM Arguments:
jvm_args: -XX:+ShowCodeDetailsInExceptionMessages -agentlib:jdwp=transport=dt_socket,suspend=y,address=localhost:63617 -javaagent:C:\Users\marco\eclipse\java-2022-09\eclipse\configuration\org.eclipse.osgi\228\0\.cp\lib\javaagent-shaded.jar -Dfile.encoding=UTF-8 
java_command: client.SimpleClient
java_class_path (initial): C:\Users\marco\OneDrive\Área de Trabalho\FCUL\2o Ano\DCO\LeiTunes23\bin;C:\Users\marco\OneDrive\Área de Trabalho\FCUL\2o Ano\DCO\LeiTunes23\lib\jl1.0.1.jar;C:\Users\marco\OneDrive\Área de Trabalho\FCUL\2o Ano\DCO\LeiTunes23\lib\mp3agic-0.9.1.jar;C:\Users\marco\OneDrive\Área de Trabalho\FCUL\2o Ano\DCO\LeiTunes23\lib\swt.jar
Launcher Type: SUN_STANDARD

[Global flags]
     intx CICompilerCount                          = 4                                         {product} {ergonomic}
     uint ConcGCThreads                            = 2                                         {product} {ergonomic}
     uint G1ConcRefinementThreads                  = 8                                         {product} {ergonomic}
   size_t G1HeapRegionSize                         = 2097152                                   {product} {ergonomic}
    uintx GCDrainStackTargetSize                   = 64                                        {product} {ergonomic}
   size_t InitialHeapSize                          = 266338304                                 {product} {ergonomic}
   size_t MarkStackSize                            = 4194304                                   {product} {ergonomic}
   size_t MaxHeapSize                              = 4255121408                                {product} {ergonomic}
   size_t MaxNewSize                               = 2552233984                                {product} {ergonomic}
   size_t MinHeapDeltaBytes                        = 2097152                                   {product} {ergonomic}
   size_t MinHeapSize                              = 8388608                                   {product} {ergonomic}
    uintx NonNMethodCodeHeapSize                   = 5839372                                {pd product} {ergonomic}
    uintx NonProfiledCodeHeapSize                  = 122909434                              {pd product} {ergonomic}
    uintx ProfiledCodeHeapSize                     = 122909434                              {pd product} {ergonomic}
    uintx ReservedCodeCacheSize                    = 251658240                              {pd product} {ergonomic}
     bool SegmentedCodeCache                       = true                                      {product} {ergonomic}
     bool ShowCodeDetailsInExceptionMessages       = true                                   {manageable} {command line}
   size_t SoftMaxHeapSize                          = 4255121408                             {manageable} {ergonomic}
     bool UseCompressedClassPointers               = true                           {product lp64_product} {ergonomic}
     bool UseCompressedOops                        = true                           {product lp64_product} {ergonomic}
     bool UseG1GC                                  = true                                      {product} {ergonomic}
     bool UseLargePagesIndividualAllocation        = false                                  {pd product} {ergonomic}

Logging:
Log output configuration:
 #0: stdout all=warning uptime,level,tags
 #1: stderr all=off uptime,level,tags

Environment Variables:
PATH=C:\Users\marco\.p2\pool\plugins\org.eclipse.justj.openjdk.hotspot.jre.full.win32.x86_64_17.0.4.v20221004-1257\jre\bin;C:/Users/marco/.p2/pool/plugins/org.eclipse.justj.openjdk.hotspot.jre.full.win32.x86_64_17.0.4.v20221004-1257/jre/bin/server;C:/Users/marco/.p2/pool/plugins/org.eclipse.justj.openjdk.hotspot.jre.full.win32.x86_64_17.0.4.v20221004-1257/jre/bin;C:\Program Files (x86)\Common Files\Oracle\Java\javapath;C:\WINDOWS\system32;C:\WINDOWS;C:\WINDOWS\System32\Wbem;C:\WINDOWS\System32\WindowsPowerShell\v1.0\;C:\WINDOWS\System32\OpenSSH\;C:\Program Files\dotnet\;C:\Program Files\Git\cmd;C:\Users\marco\AppData\Local\Programs\Python\Python310\Scripts\;C:\Users\marco\AppData\Local\Programs\Python\Python310\;C:\Users\marco\AppData\Local\Microsoft\WindowsApps;C:\Users\marco\AppData\Local\Programs\Microsoft VS Code\bin;C:\Users\marco\AppData\Local\Programs\MiKTeX\miktex\bin\x64\;C:\Users\marco\OneDrive\µrea de Trabalho\SQLPLUS;;C:\Users\marco\OneDrive\µrea de Trabalho;
USERNAME=marco
OS=Windows_NT
PROCESSOR_IDENTIFIER=Intel64 Family 6 Model 151 Stepping 5, GenuineIntel
TMP=C:\Users\marco\AppData\Local\Temp
TEMP=C:\Users\marco\AppData\Local\Temp



---------------  S Y S T E M  ---------------

OS:
 Windows 10 , 64 bit Build 19041 (10.0.19041.2546)
OS uptime: 0 days 8:32 hours

CPU: total 8 (initial active 8) (4 cores per cpu, 2 threads per core) family 6 model 151 stepping 5 microcode 0x18, cx8, cmov, fxsr, ht, mmx, 3dnowpref, sse, sse2, sse3, ssse3, sse4.1, sse4.2, popcnt, lzcnt, tsc, tscinvbit, avx, avx2, aes, erms, clmul, bmi1, bmi2, adx, sha, fma, vzeroupper, clflush, clflushopt, clwb

Memory: 4k page, system-wide physical 16225M (7595M free)
TotalPageFile size 23649M (AvailPageFile size 7729M)
current process WorkingSet (physical memory assigned to process): 55M, peak: 63M
current process commit charge ("private bytes"): 344M, peak: 351M

vm_info: OpenJDK 64-Bit Server VM (17.0.4.1+1) for windows-amd64 JRE (17.0.4.1+1), built on Aug 17 2022 07:42:43 by "temurin" with MS VC++ 16.7 (VS2019)

END.
